<?xml version="1.0" encoding="UTF-8"?>
<coverage generated="1622371529251" clover="3.2.0">
  <project timestamp="1622371529251" name="All files">
    <metrics statements="153" coveredstatements="145" conditionals="84" coveredconditionals="65" methods="36" coveredmethods="36" elements="273" coveredelements="246" complexity="0" loc="153" ncloc="153" packages="2" files="6" classes="6"/>
    <package name="src">
      <metrics statements="27" coveredstatements="27" conditionals="7" coveredconditionals="7" methods="1" coveredmethods="1"/>
      <file name="index.ts" path="/Users/yal/Documents/babel/bundler/packages/json2type/src/index.ts">
        <metrics statements="27" coveredstatements="27" conditionals="7" coveredconditionals="7" methods="1" coveredmethods="1"/>
        <line num="1" count="4" type="stmt"/>
        <line num="4" count="4" type="stmt"/>
        <line num="5" count="15" type="stmt"/>
        <line num="6" count="15" type="stmt"/>
        <line num="7" count="15" type="stmt"/>
        <line num="10" count="2" type="stmt"/>
        <line num="11" count="2" type="stmt"/>
        <line num="12" count="2" type="stmt"/>
        <line num="15" count="1" type="stmt"/>
        <line num="16" count="1" type="stmt"/>
        <line num="17" count="1" type="stmt"/>
        <line num="20" count="1" type="stmt"/>
        <line num="21" count="1" type="stmt"/>
        <line num="22" count="1" type="stmt"/>
        <line num="25" count="1" type="stmt"/>
        <line num="26" count="1" type="stmt"/>
        <line num="27" count="1" type="stmt"/>
        <line num="30" count="1" type="stmt"/>
        <line num="31" count="1" type="stmt"/>
        <line num="34" count="1" type="stmt"/>
        <line num="35" count="1" type="stmt"/>
        <line num="36" count="1" type="stmt"/>
        <line num="38" count="8" type="stmt"/>
        <line num="41" count="15" type="stmt"/>
        <line num="44" count="4" type="stmt"/>
        <line num="46" count="4" type="stmt"/>
        <line num="47" count="4" type="stmt"/>
      </file>
    </package>
    <package name="src.utils">
      <metrics statements="126" coveredstatements="118" conditionals="77" coveredconditionals="58" methods="35" coveredmethods="35"/>
      <file name="format.ts" path="/Users/yal/Documents/babel/bundler/packages/json2type/src/utils/format.ts">
        <metrics statements="8" coveredstatements="6" conditionals="0" coveredconditionals="0" methods="4" coveredmethods="4"/>
        <line num="1" count="4" type="stmt"/>
        <line num="3" count="4" type="stmt"/>
        <line num="4" count="30" type="stmt"/>
        <line num="5" count="30" type="stmt"/>
        <line num="11" count="0" type="stmt"/>
        <line num="12" count="0" type="stmt"/>
        <line num="21" count="372" type="stmt"/>
        <line num="28" count="73" type="stmt"/>
      </file>
      <file name="genSplitTypes.ts" path="/Users/yal/Documents/babel/bundler/packages/json2type/src/utils/genSplitTypes.ts">
        <metrics statements="60" coveredstatements="58" conditionals="37" coveredconditionals="31" methods="12" coveredmethods="12"/>
        <line num="1" count="4" type="stmt"/>
        <line num="2" count="4" type="stmt"/>
        <line num="4" count="4" type="stmt"/>
        <line num="6" count="4" type="stmt"/>
        <line num="16" count="17" type="stmt"/>
        <line num="19" count="4" type="stmt"/>
        <line num="22" count="4" type="stmt"/>
        <line num="25" count="4" type="stmt"/>
        <line num="28" count="8" type="stmt"/>
        <line num="30" count="8" type="stmt"/>
        <line num="32" count="4" type="stmt"/>
        <line num="33" count="6" type="stmt"/>
        <line num="34" count="30" type="stmt"/>
        <line num="35" count="30" type="stmt"/>
        <line num="37" count="6" type="stmt"/>
        <line num="38" count="6" type="stmt"/>
        <line num="43" count="0" type="stmt"/>
        <line num="44" count="0" type="stmt"/>
        <line num="47" count="12" type="stmt"/>
        <line num="48" count="12" type="stmt"/>
        <line num="49" count="6" type="cond" truecount="1" falsecount="1"/>
        <line num="50" count="6" type="cond" truecount="2" falsecount="0"/>
        <line num="62" count="4" type="stmt"/>
        <line num="63" count="15" type="stmt"/>
        <line num="64" count="69" type="cond" truecount="3" falsecount="1"/>
        <line num="65" count="42" type="stmt"/>
        <line num="66" count="168" type="stmt"/>
        <line num="67" count="42" type="cond" truecount="2" falsecount="0"/>
        <line num="68" count="42" type="stmt"/>
        <line num="70" count="17" type="stmt"/>
        <line num="71" count="39" type="stmt"/>
        <line num="72" count="39" type="stmt"/>
        <line num="78" count="7" type="stmt"/>
        <line num="79" count="7" type="stmt"/>
        <line num="82" count="1" type="stmt"/>
        <line num="84" count="1" type="stmt"/>
        <line num="85" count="31" type="stmt"/>
        <line num="88" count="17" type="stmt"/>
        <line num="90" count="1" type="stmt"/>
        <line num="91" count="1" type="stmt"/>
        <line num="92" count="1" type="stmt"/>
        <line num="93" count="1" type="stmt"/>
        <line num="95" count="2" type="stmt"/>
        <line num="96" count="2" type="stmt"/>
        <line num="97" count="2" type="stmt"/>
        <line num="99" count="2" type="stmt"/>
        <line num="100" count="2" type="stmt"/>
        <line num="102" count="2" type="stmt"/>
        <line num="104" count="2" type="stmt"/>
        <line num="105" count="2" type="stmt"/>
        <line num="106" count="2" type="stmt"/>
        <line num="108" count="10" type="stmt"/>
        <line num="109" count="10" type="stmt"/>
        <line num="111" count="1" type="cond" truecount="1" falsecount="1"/>
        <line num="112" count="1" type="stmt"/>
        <line num="114" count="7" type="cond" truecount="2" falsecount="0"/>
        <line num="115" count="7" type="stmt"/>
        <line num="118" count="42" type="stmt"/>
        <line num="121" count="15" type="stmt"/>
        <line num="122" count="15" type="stmt"/>
      </file>
      <file name="genTypes.ts" path="/Users/yal/Documents/babel/bundler/packages/json2type/src/utils/genTypes.ts">
        <metrics statements="42" coveredstatements="39" conditionals="31" coveredconditionals="22" methods="12" coveredmethods="12"/>
        <line num="1" count="4" type="stmt"/>
        <line num="3" count="4" type="stmt"/>
        <line num="6" count="7" type="stmt"/>
        <line num="9" count="8" type="stmt"/>
        <line num="12" count="4" type="stmt"/>
        <line num="15" count="4" type="stmt"/>
        <line num="18" count="4" type="stmt"/>
        <line num="21" count="4" type="stmt"/>
        <line num="22" count="20" type="stmt"/>
        <line num="23" count="40" type="cond" truecount="1" falsecount="1"/>
        <line num="24" count="40" type="stmt"/>
        <line num="35" count="30" type="stmt"/>
        <line num="42" count="4" type="stmt"/>
        <line num="43" count="6" type="stmt"/>
        <line num="44" count="120" type="cond" truecount="1" falsecount="1"/>
        <line num="45" count="30" type="stmt"/>
        <line num="46" count="30" type="stmt"/>
        <line num="48" count="6" type="stmt"/>
        <line num="50" count="6" type="stmt"/>
        <line num="52" count="0" type="stmt"/>
        <line num="54" count="0" type="stmt"/>
        <line num="56" count="0" type="stmt"/>
        <line num="58" count="6" type="stmt"/>
        <line num="59" count="6" type="stmt"/>
        <line num="60" count="6" type="stmt"/>
        <line num="61" count="6" type="cond" truecount="1" falsecount="1"/>
        <line num="62" count="6" type="cond" truecount="2" falsecount="0"/>
        <line num="72" count="17" type="cond" truecount="2" falsecount="2"/>
        <line num="73" count="114" type="cond" truecount="1" falsecount="1"/>
        <line num="74" count="38" type="stmt"/>
        <line num="75" count="38" type="stmt"/>
        <line num="77" count="1" type="stmt"/>
        <line num="79" count="1" type="stmt"/>
        <line num="81" count="1" type="stmt"/>
        <line num="83" count="1" type="stmt"/>
        <line num="85" count="1" type="stmt"/>
        <line num="88" count="3" type="stmt"/>
        <line num="89" count="3" type="stmt"/>
        <line num="90" count="3" type="stmt"/>
        <line num="92" count="30" type="stmt"/>
        <line num="93" count="30" type="stmt"/>
        <line num="95" count="38" type="stmt"/>
      </file>
      <file name="index.ts" path="/Users/yal/Documents/babel/bundler/packages/json2type/src/utils/index.ts">
        <metrics statements="4" coveredstatements="4" conditionals="0" coveredconditionals="0" methods="0" coveredmethods="0"/>
        <line num="1" count="4" type="stmt"/>
        <line num="2" count="4" type="stmt"/>
        <line num="3" count="4" type="stmt"/>
        <line num="4" count="4" type="stmt"/>
      </file>
      <file name="templete.ts" path="/Users/yal/Documents/babel/bundler/packages/json2type/src/utils/templete.ts">
        <metrics statements="12" coveredstatements="11" conditionals="9" coveredconditionals="5" methods="7" coveredmethods="7"/>
        <line num="3" count="4" type="stmt"/>
        <line num="12" count="153" type="stmt"/>
        <line num="19" count="183" type="cond" truecount="2" falsecount="2"/>
        <line num="27" count="77" type="stmt"/>
        <line num="34" count="19" type="stmt"/>
        <line num="43" count="20" type="stmt"/>
        <line num="52" count="27" type="stmt"/>
        <line num="62" count="4" type="stmt"/>
        <line num="63" count="46" type="stmt"/>
        <line num="64" count="0" type="cond" truecount="2" falsecount="1"/>
        <line num="65" count="19" type="stmt"/>
        <line num="66" count="27" type="stmt"/>
      </file>
    </package>
  </project>
</coverage>
