{"/Users/yal/Documents/babel/bundler/packages/json2type/src/index.ts": {"path":"/Users/yal/Documents/babel/bundler/packages/json2type/src/index.ts","statementMap":{"0":{"start":{"line":1,"column":0},"end":{"line":1,"column":167}},"1":{"start":{"line":4,"column":18},"end":{"line":42,"column":1}},"2":{"start":{"line":5,"column":11},"end":{"line":5,"column":13}},"3":{"start":{"line":6,"column":38},"end":{"line":6,"column":40}},"4":{"start":{"line":7,"column":2},"end":{"line":39,"column":null}},"5":{"start":{"line":10,"column":25},"end":{"line":10,"column":74}},"6":{"start":{"line":11,"column":6},"end":{"line":12,"column":47}},"7":{"start":{"line":12,"column":48},"end":{"line":12,"column":53}},"8":{"start":{"line":15,"column":27},"end":{"line":15,"column":87}},"9":{"start":{"line":16,"column":6},"end":{"line":17,"column":51}},"10":{"start":{"line":17,"column":52},"end":{"line":17,"column":57}},"11":{"start":{"line":20,"column":38},"end":{"line":20,"column":105}},"12":{"start":{"line":21,"column":6},"end":{"line":22,"column":62}},"13":{"start":{"line":22,"column":63},"end":{"line":22,"column":68}},"14":{"start":{"line":25,"column":31},"end":{"line":25,"column":91}},"15":{"start":{"line":26,"column":6},"end":{"line":27,"column":55}},"16":{"start":{"line":27,"column":56},"end":{"line":27,"column":61}},"17":{"start":{"line":30,"column":6},"end":{"line":30,"column":null}},"18":{"start":{"line":31,"column":6},"end":{"line":31,"column":11}},"19":{"start":{"line":34,"column":31},"end":{"line":34,"column":91}},"20":{"start":{"line":35,"column":6},"end":{"line":36,"column":55}},"21":{"start":{"line":36,"column":56},"end":{"line":36,"column":61}},"22":{"start":{"line":38,"column":6},"end":{"line":38,"column":null}},"23":{"start":{"line":41,"column":2},"end":{"line":41,"column":null}},"24":{"start":{"line":44,"column":0},"end":{"line":44,"column":null}},"25":{"start":{"line":46,"column":0},"end":{"line":46,"column":23}},"26":{"start":{"line":47,"column":0},"end":{"line":47,"column":23}}},"fnMap":{"0":{"name":"(anonymous_4)","decl":{"start":{"line":4,"column":18},"end":{"line":4,"column":19}},"loc":{"start":{"line":4,"column":34},"end":{"line":42,"column":1}}}},"branchMap":{"0":{"loc":{"start":{"line":9,"column":4},"end":{"line":12,"column":53}},"type":"switch","locations":[{"start":{"line":9,"column":4},"end":{"line":12,"column":53}},{"start":{"line":14,"column":4},"end":{"line":17,"column":57}},{"start":{"line":19,"column":4},"end":{"line":22,"column":68}},{"start":{"line":24,"column":4},"end":{"line":27,"column":61}},{"start":{"line":29,"column":4},"end":{"line":31,"column":11}},{"start":{"line":33,"column":4},"end":{"line":36,"column":61}},{"start":{"line":37,"column":4},"end":{"line":38,"column":null}}]}},"s":{"0":4,"1":4,"2":15,"3":15,"4":15,"5":2,"6":2,"7":2,"8":1,"9":1,"10":1,"11":1,"12":1,"13":1,"14":1,"15":1,"16":1,"17":1,"18":1,"19":1,"20":1,"21":1,"22":8,"23":15,"24":4,"25":4,"26":4},"f":{"0":15},"b":{"0":[2,1,1,1,1,1,8]}}
,"/Users/yal/Documents/babel/bundler/packages/json2type/src/utils/format.ts": {"path":"/Users/yal/Documents/babel/bundler/packages/json2type/src/utils/format.ts","statementMap":{"0":{"start":{"line":1,"column":17},"end":{"line":1,"column":36}},"1":{"start":{"line":3,"column":32},"end":{"line":14,"column":1}},"2":{"start":{"line":4,"column":2},"end":{"line":13,"column":null}},"3":{"start":{"line":5,"column":4},"end":{"line":9,"column":null}},"4":{"start":{"line":11,"column":4},"end":{"line":11,"column":null}},"5":{"start":{"line":12,"column":4},"end":{"line":12,"column":null}},"6":{"start":{"line":3,"column":13},"end":{"line":3,"column":32}},"7":{"start":{"line":21,"column":36},"end":{"line":21,"column":58}},"8":{"start":{"line":21,"column":54},"end":{"line":21,"column":null}},"9":{"start":{"line":21,"column":79},"end":{"line":21,"column":95}},"10":{"start":{"line":21,"column":13},"end":{"line":21,"column":36}},"11":{"start":{"line":28,"column":27},"end":{"line":28,"column":49}},"12":{"start":{"line":28,"column":45},"end":{"line":28,"column":null}},"13":{"start":{"line":28,"column":13},"end":{"line":28,"column":27}}},"fnMap":{"0":{"name":"(anonymous_0)","decl":{"start":{"line":3,"column":32},"end":{"line":3,"column":33}},"loc":{"start":{"line":3,"column":45},"end":{"line":14,"column":1}}},"1":{"name":"(anonymous_1)","decl":{"start":{"line":21,"column":36},"end":{"line":21,"column":37}},"loc":{"start":{"line":21,"column":49},"end":{"line":21,"column":58}}},"2":{"name":"(anonymous_2)","decl":{"start":{"line":21,"column":74},"end":{"line":21,"column":75}},"loc":{"start":{"line":21,"column":75},"end":{"line":21,"column":80}}},"3":{"name":"(anonymous_3)","decl":{"start":{"line":28,"column":27},"end":{"line":28,"column":28}},"loc":{"start":{"line":28,"column":40},"end":{"line":28,"column":49}}}},"branchMap":{},"s":{"0":4,"1":4,"2":30,"3":30,"4":0,"5":0,"6":4,"7":4,"8":372,"9":365,"10":4,"11":4,"12":73,"13":4},"f":{"0":30,"1":372,"2":365,"3":73},"b":{}}
,"/Users/yal/Documents/babel/bundler/packages/json2type/src/utils/genSplitTypes.ts": {"path":"/Users/yal/Documents/babel/bundler/packages/json2type/src/utils/genSplitTypes.ts","statementMap":{"0":{"start":{"line":1,"column":0},"end":{"line":1,"column":60}},"1":{"start":{"line":2,"column":0},"end":{"line":2,"column":40}},"2":{"start":{"line":4,"column":0},"end":{"line":4,"column":56}},"3":{"start":{"line":6,"column":19},"end":{"line":13,"column":null}},"4":{"start":{"line":16,"column":41},"end":{"line":16,"column":73}},"5":{"start":{"line":16,"column":69},"end":{"line":16,"column":null}},"6":{"start":{"line":16,"column":13},"end":{"line":16,"column":41}},"7":{"start":{"line":19,"column":40},"end":{"line":19,"column":83}},"8":{"start":{"line":19,"column":79},"end":{"line":19,"column":null}},"9":{"start":{"line":19,"column":13},"end":{"line":19,"column":40}},"10":{"start":{"line":22,"column":47},"end":{"line":22,"column":90}},"11":{"start":{"line":22,"column":86},"end":{"line":22,"column":null}},"12":{"start":{"line":22,"column":13},"end":{"line":22,"column":47}},"13":{"start":{"line":25,"column":40},"end":{"line":25,"column":83}},"14":{"start":{"line":25,"column":79},"end":{"line":25,"column":null}},"15":{"start":{"line":25,"column":13},"end":{"line":25,"column":40}},"16":{"start":{"line":28,"column":36},"end":{"line":28,"column":100}},"17":{"start":{"line":28,"column":99},"end":{"line":28,"column":null}},"18":{"start":{"line":28,"column":13},"end":{"line":28,"column":36}},"19":{"start":{"line":30,"column":21},"end":{"line":30,"column":48}},"20":{"start":{"line":30,"column":39},"end":{"line":30,"column":null}},"21":{"start":{"line":32,"column":28},"end":{"line":53,"column":1}},"22":{"start":{"line":33,"column":2},"end":{"line":52,"column":null}},"23":{"start":{"line":34,"column":20},"end":{"line":34,"column":71}},"24":{"start":{"line":35,"column":4},"end":{"line":51,"column":null}},"25":{"start":{"line":37,"column":8},"end":{"line":37,"column":null}},"26":{"start":{"line":38,"column":8},"end":{"line":38,"column":null}},"27":{"start":{"line":43,"column":8},"end":{"line":43,"column":null}},"28":{"start":{"line":44,"column":8},"end":{"line":44,"column":null}},"29":{"start":{"line":47,"column":8},"end":{"line":47,"column":null}},"30":{"start":{"line":48,"column":8},"end":{"line":48,"column":null}},"31":{"start":{"line":49,"column":21},"end":{"line":49,"column":null}},"32":{"start":{"line":50,"column":15},"end":{"line":50,"column":null}},"33":{"start":{"line":62,"column":29},"end":{"line":123,"column":1}},"34":{"start":{"line":63,"column":39},"end":{"line":63,"column":41}},"35":{"start":{"line":64,"column":21},"end":{"line":119,"column":3}},"36":{"start":{"line":64,"column":39},"end":{"line":64,"column":63}},"37":{"start":{"line":64,"column":63},"end":{"line":64,"column":null}},"38":{"start":{"line":65,"column":45},"end":{"line":65,"column":47}},"39":{"start":{"line":66,"column":44},"end":{"line":66,"column":null}},"40":{"start":{"line":67,"column":19},"end":{"line":67,"column":36}},"41":{"start":{"line":68,"column":4},"end":{"line":116,"column":null}},"42":{"start":{"line":70,"column":8},"end":{"line":87,"column":null}},"43":{"start":{"line":71,"column":26},"end":{"line":71,"column":73}},"44":{"start":{"line":72,"column":10},"end":{"line":86,"column":null}},"45":{"start":{"line":78,"column":14},"end":{"line":78,"column":null}},"46":{"start":{"line":79,"column":14},"end":{"line":79,"column":null}},"47":{"start":{"line":82,"column":14},"end":{"line":82,"column":null}},"48":{"start":{"line":84,"column":14},"end":{"line":84,"column":null}},"49":{"start":{"line":85,"column":21},"end":{"line":85,"column":null}},"50":{"start":{"line":88,"column":8},"end":{"line":88,"column":13}},"51":{"start":{"line":90,"column":26},"end":{"line":90,"column":67}},"52":{"start":{"line":91,"column":8},"end":{"line":91,"column":null}},"53":{"start":{"line":92,"column":8},"end":{"line":92,"column":null}},"54":{"start":{"line":93,"column":8},"end":{"line":93,"column":13}},"55":{"start":{"line":95,"column":26},"end":{"line":95,"column":53}},"56":{"start":{"line":96,"column":8},"end":{"line":96,"column":null}},"57":{"start":{"line":97,"column":8},"end":{"line":97,"column":13}},"58":{"start":{"line":99,"column":26},"end":{"line":99,"column":53}},"59":{"start":{"line":100,"column":8},"end":{"line":100,"column":null}},"60":{"start":{"line":102,"column":8},"end":{"line":102,"column":13}},"61":{"start":{"line":104,"column":33},"end":{"line":104,"column":60}},"62":{"start":{"line":105,"column":8},"end":{"line":105,"column":null}},"63":{"start":{"line":106,"column":8},"end":{"line":106,"column":13}},"64":{"start":{"line":108,"column":8},"end":{"line":108,"column":null}},"65":{"start":{"line":109,"column":8},"end":{"line":109,"column":13}},"66":{"start":{"line":111,"column":8},"end":{"line":111,"column":null}},"67":{"start":{"line":112,"column":8},"end":{"line":112,"column":13}},"68":{"start":{"line":114,"column":8},"end":{"line":114,"column":null}},"69":{"start":{"line":115,"column":8},"end":{"line":115,"column":13}},"70":{"start":{"line":118,"column":4},"end":{"line":118,"column":null}},"71":{"start":{"line":118,"column":31},"end":{"line":118,"column":63}},"72":{"start":{"line":121,"column":2},"end":{"line":121,"column":null}},"73":{"start":{"line":122,"column":2},"end":{"line":122,"column":null}},"74":{"start":{"line":62,"column":13},"end":{"line":62,"column":29}}},"fnMap":{"0":{"name":"(anonymous_2)","decl":{"start":{"line":16,"column":41},"end":{"line":16,"column":42}},"loc":{"start":{"line":16,"column":56},"end":{"line":16,"column":73}}},"1":{"name":"(anonymous_3)","decl":{"start":{"line":19,"column":40},"end":{"line":19,"column":41}},"loc":{"start":{"line":19,"column":66},"end":{"line":19,"column":83}}},"2":{"name":"(anonymous_4)","decl":{"start":{"line":22,"column":47},"end":{"line":22,"column":48}},"loc":{"start":{"line":22,"column":73},"end":{"line":22,"column":90}}},"3":{"name":"(anonymous_5)","decl":{"start":{"line":25,"column":40},"end":{"line":25,"column":41}},"loc":{"start":{"line":25,"column":66},"end":{"line":25,"column":83}}},"4":{"name":"(anonymous_6)","decl":{"start":{"line":28,"column":36},"end":{"line":28,"column":37}},"loc":{"start":{"line":28,"column":71},"end":{"line":28,"column":100}}},"5":{"name":"(anonymous_7)","decl":{"start":{"line":30,"column":21},"end":{"line":30,"column":22}},"loc":{"start":{"line":30,"column":34},"end":{"line":30,"column":48}}},"6":{"name":"(anonymous_8)","decl":{"start":{"line":32,"column":28},"end":{"line":32,"column":29}},"loc":{"start":{"line":32,"column":98},"end":{"line":53,"column":1}}},"7":{"name":"(anonymous_9)","decl":{"start":{"line":33,"column":27},"end":{"line":33,"column":28}},"loc":{"start":{"line":33,"column":28},"end":{"line":52,"column":3}}},"8":{"name":"(anonymous_10)","decl":{"start":{"line":62,"column":29},"end":{"line":62,"column":30}},"loc":{"start":{"line":62,"column":45},"end":{"line":123,"column":1}}},"9":{"name":"(anonymous_11)","decl":{"start":{"line":64,"column":21},"end":{"line":64,"column":22}},"loc":{"start":{"line":64,"column":85},"end":{"line":119,"column":3}}},"10":{"name":"(anonymous_12)","decl":{"start":{"line":70,"column":80},"end":{"line":70,"column":81}},"loc":{"start":{"line":70,"column":81},"end":{"line":87,"column":9}}},"11":{"name":"(anonymous_13)","decl":{"start":{"line":118,"column":26},"end":{"line":118,"column":27}},"loc":{"start":{"line":118,"column":27},"end":{"line":118,"column":41}}}},"branchMap":{"0":{"loc":{"start":{"line":36,"column":6},"end":{"line":38,"column":null}},"type":"switch","locations":[{"start":{"line":36,"column":6},"end":{"line":38,"column":null}},{"start":{"line":40,"column":6},"end":{"line":40,"column":19}},{"start":{"line":41,"column":6},"end":{"line":41,"column":26}},{"start":{"line":42,"column":6},"end":{"line":44,"column":null}},{"start":{"line":45,"column":6},"end":{"line":45,"column":18}},{"start":{"line":46,"column":6},"end":{"line":48,"column":null}},{"start":{"line":49,"column":6},"end":{"line":49,"column":null}},{"start":{"line":50,"column":6},"end":{"line":50,"column":null}}]},"1":{"loc":{"start":{"line":49,"column":38},"end":{"line":49,"column":52}},"type":"cond-expr","locations":[{"start":{"line":49,"column":38},"end":{"line":49,"column":52}},{"start":{"line":49,"column":55},"end":{"line":49,"column":74}}]},"2":{"loc":{"start":{"line":50,"column":22},"end":{"line":50,"column":29}},"type":"binary-expr","locations":[{"start":{"line":50,"column":22},"end":{"line":50,"column":29}},{"start":{"line":50,"column":33},"end":{"line":50,"column":52}}]},"3":{"loc":{"start":{"line":64,"column":39},"end":{"line":64,"column":63}},"type":"if","locations":[{"start":{"line":64,"column":39},"end":{"line":64,"column":63}},{"start":{"line":64,"column":39},"end":{"line":64,"column":63}}]},"4":{"loc":{"start":{"line":64,"column":63},"end":{"line":64,"column":null}},"type":"if","locations":[{"start":{"line":64,"column":63},"end":{"line":64,"column":null}},{"start":{"line":64,"column":63},"end":{"line":64,"column":null}}]},"5":{"loc":{"start":{"line":67,"column":19},"end":{"line":67,"column":28}},"type":"binary-expr","locations":[{"start":{"line":67,"column":19},"end":{"line":67,"column":28}},{"start":{"line":67,"column":32},"end":{"line":67,"column":36}}]},"6":{"loc":{"start":{"line":69,"column":6},"end":{"line":88,"column":13}},"type":"switch","locations":[{"start":{"line":69,"column":6},"end":{"line":88,"column":13}},{"start":{"line":89,"column":6},"end":{"line":93,"column":13}},{"start":{"line":94,"column":6},"end":{"line":97,"column":13}},{"start":{"line":98,"column":6},"end":{"line":102,"column":13}},{"start":{"line":103,"column":6},"end":{"line":106,"column":13}},{"start":{"line":107,"column":6},"end":{"line":109,"column":13}},{"start":{"line":110,"column":6},"end":{"line":112,"column":13}},{"start":{"line":113,"column":6},"end":{"line":115,"column":13}}]},"7":{"loc":{"start":{"line":73,"column":12},"end":{"line":73,"column":26}},"type":"switch","locations":[{"start":{"line":73,"column":12},"end":{"line":73,"column":26}},{"start":{"line":74,"column":12},"end":{"line":74,"column":25}},{"start":{"line":75,"column":12},"end":{"line":75,"column":32}},{"start":{"line":76,"column":12},"end":{"line":76,"column":25}},{"start":{"line":77,"column":12},"end":{"line":79,"column":null}},{"start":{"line":80,"column":12},"end":{"line":84,"column":null}},{"start":{"line":85,"column":12},"end":{"line":85,"column":null}}]},"8":{"loc":{"start":{"line":111,"column":52},"end":{"line":111,"column":64}},"type":"cond-expr","locations":[{"start":{"line":111,"column":52},"end":{"line":111,"column":64}},{"start":{"line":111,"column":67},"end":{"line":111,"column":85}}]},"9":{"loc":{"start":{"line":114,"column":47},"end":{"line":114,"column":52}},"type":"binary-expr","locations":[{"start":{"line":114,"column":47},"end":{"line":114,"column":52}},{"start":{"line":114,"column":56},"end":{"line":114,"column":74}}]}},"s":{"0":4,"1":4,"2":4,"3":4,"4":4,"5":17,"6":4,"7":4,"8":2,"9":4,"10":4,"11":2,"12":4,"13":4,"14":2,"15":4,"16":4,"17":8,"18":4,"19":4,"20":8,"21":4,"22":6,"23":30,"24":30,"25":6,"26":6,"27":0,"28":0,"29":12,"30":12,"31":6,"32":6,"33":4,"34":15,"35":15,"36":42,"37":69,"38":42,"39":168,"40":42,"41":42,"42":17,"43":39,"44":39,"45":7,"46":7,"47":1,"48":1,"49":31,"50":17,"51":1,"52":1,"53":1,"54":1,"55":2,"56":2,"57":2,"58":2,"59":2,"60":2,"61":2,"62":2,"63":2,"64":10,"65":10,"66":1,"67":1,"68":7,"69":7,"70":42,"71":27,"72":15,"73":15,"74":4},"f":{"0":17,"1":2,"2":2,"3":2,"4":8,"5":8,"6":6,"7":30,"8":15,"9":42,"10":39,"11":27},"b":{"0":[6,0,0,0,6,12,6,6],"1":[6,0],"2":[6,6],"3":[0,42],"4":[27,15],"5":[42,15],"6":[17,1,2,2,2,10,1,7],"7":[1,2,3,4,7,1,31],"8":[0,1],"9":[7,7]}}
,"/Users/yal/Documents/babel/bundler/packages/json2type/src/utils/genTypes.ts": {"path":"/Users/yal/Documents/babel/bundler/packages/json2type/src/utils/genTypes.ts","statementMap":{"0":{"start":{"line":1,"column":0},"end":{"line":1,"column":80}},"1":{"start":{"line":3,"column":0},"end":{"line":3,"column":38}},"2":{"start":{"line":6,"column":36},"end":{"line":6,"column":117}},"3":{"start":{"line":6,"column":113},"end":{"line":6,"column":null}},"4":{"start":{"line":6,"column":13},"end":{"line":6,"column":36}},"5":{"start":{"line":9,"column":35},"end":{"line":9,"column":122}},"6":{"start":{"line":9,"column":112},"end":{"line":9,"column":null}},"7":{"start":{"line":9,"column":13},"end":{"line":9,"column":35}},"8":{"start":{"line":12,"column":35},"end":{"line":12,"column":126}},"9":{"start":{"line":12,"column":112},"end":{"line":12,"column":null}},"10":{"start":{"line":12,"column":13},"end":{"line":12,"column":35}},"11":{"start":{"line":15,"column":42},"end":{"line":15,"column":133}},"12":{"start":{"line":15,"column":119},"end":{"line":15,"column":null}},"13":{"start":{"line":15,"column":13},"end":{"line":15,"column":42}},"14":{"start":{"line":18,"column":35},"end":{"line":18,"column":116}},"15":{"start":{"line":18,"column":112},"end":{"line":18,"column":null}},"16":{"start":{"line":18,"column":13},"end":{"line":18,"column":35}},"17":{"start":{"line":21,"column":27},"end":{"line":28,"column":1}},"18":{"start":{"line":22,"column":2},"end":{"line":27,"column":null}},"19":{"start":{"line":23,"column":18},"end":{"line":23,"column":35}},"20":{"start":{"line":24,"column":4},"end":{"line":26,"column":null}},"21":{"start":{"line":21,"column":13},"end":{"line":21,"column":27}},"22":{"start":{"line":35,"column":31},"end":{"line":35,"column":56}},"23":{"start":{"line":35,"column":49},"end":{"line":35,"column":null}},"24":{"start":{"line":35,"column":13},"end":{"line":35,"column":31}},"25":{"start":{"line":42,"column":30},"end":{"line":65,"column":1}},"26":{"start":{"line":43,"column":2},"end":{"line":64,"column":null}},"27":{"start":{"line":44,"column":49},"end":{"line":44,"column":null}},"28":{"start":{"line":44,"column":26},"end":{"line":44,"column":33}},"29":{"start":{"line":45,"column":23},"end":{"line":45,"column":55}},"30":{"start":{"line":46,"column":4},"end":{"line":63,"column":null}},"31":{"start":{"line":48,"column":8},"end":{"line":48,"column":null}},"32":{"start":{"line":50,"column":8},"end":{"line":50,"column":null}},"33":{"start":{"line":52,"column":8},"end":{"line":52,"column":null}},"34":{"start":{"line":54,"column":8},"end":{"line":54,"column":null}},"35":{"start":{"line":56,"column":8},"end":{"line":56,"column":null}},"36":{"start":{"line":58,"column":25},"end":{"line":58,"column":61}},"37":{"start":{"line":59,"column":8},"end":{"line":59,"column":null}},"38":{"start":{"line":60,"column":8},"end":{"line":60,"column":null}},"39":{"start":{"line":61,"column":21},"end":{"line":61,"column":null}},"40":{"start":{"line":62,"column":15},"end":{"line":62,"column":null}},"41":{"start":{"line":42,"column":13},"end":{"line":42,"column":30}},"42":{"start":{"line":72,"column":24},"end":{"line":72,"column":85}},"43":{"start":{"line":72,"column":44},"end":{"line":72,"column":60}},"44":{"start":{"line":72,"column":60},"end":{"line":72,"column":81}},"45":{"start":{"line":72,"column":81},"end":{"line":96,"column":null}},"46":{"start":{"line":73,"column":40},"end":{"line":73,"column":null}},"47":{"start":{"line":73,"column":30},"end":{"line":73,"column":40}},"48":{"start":{"line":74,"column":21},"end":{"line":74,"column":53}},"49":{"start":{"line":75,"column":2},"end":{"line":94,"column":null}},"50":{"start":{"line":77,"column":6},"end":{"line":77,"column":79}},"51":{"start":{"line":77,"column":80},"end":{"line":77,"column":85}},"52":{"start":{"line":79,"column":6},"end":{"line":79,"column":78}},"53":{"start":{"line":79,"column":79},"end":{"line":79,"column":84}},"54":{"start":{"line":81,"column":6},"end":{"line":81,"column":78}},"55":{"start":{"line":81,"column":79},"end":{"line":81,"column":84}},"56":{"start":{"line":83,"column":6},"end":{"line":83,"column":78}},"57":{"start":{"line":83,"column":79},"end":{"line":83,"column":84}},"58":{"start":{"line":85,"column":6},"end":{"line":85,"column":85}},"59":{"start":{"line":85,"column":86},"end":{"line":85,"column":91}},"60":{"start":{"line":88,"column":23},"end":{"line":88,"column":59}},"61":{"start":{"line":89,"column":6},"end":{"line":89,"column":null}},"62":{"start":{"line":90,"column":6},"end":{"line":90,"column":32}},"63":{"start":{"line":90,"column":33},"end":{"line":90,"column":38}},"64":{"start":{"line":92,"column":6},"end":{"line":92,"column":null}},"65":{"start":{"line":93,"column":6},"end":{"line":93,"column":11}},"66":{"start":{"line":95,"column":2},"end":{"line":95,"column":null}},"67":{"start":{"line":72,"column":13},"end":{"line":72,"column":24}}},"fnMap":{"0":{"name":"(anonymous_0)","decl":{"start":{"line":6,"column":36},"end":{"line":6,"column":37}},"loc":{"start":{"line":6,"column":100},"end":{"line":6,"column":117}}},"1":{"name":"(anonymous_1)","decl":{"start":{"line":9,"column":35},"end":{"line":9,"column":36}},"loc":{"start":{"line":9,"column":99},"end":{"line":9,"column":122}}},"2":{"name":"(anonymous_2)","decl":{"start":{"line":12,"column":35},"end":{"line":12,"column":36}},"loc":{"start":{"line":12,"column":99},"end":{"line":12,"column":126}}},"3":{"name":"(anonymous_3)","decl":{"start":{"line":15,"column":42},"end":{"line":15,"column":43}},"loc":{"start":{"line":15,"column":106},"end":{"line":15,"column":133}}},"4":{"name":"(anonymous_4)","decl":{"start":{"line":18,"column":35},"end":{"line":18,"column":36}},"loc":{"start":{"line":18,"column":99},"end":{"line":18,"column":116}}},"5":{"name":"(anonymous_5)","decl":{"start":{"line":21,"column":27},"end":{"line":21,"column":28}},"loc":{"start":{"line":21,"column":57},"end":{"line":28,"column":1}}},"6":{"name":"(anonymous_6)","decl":{"start":{"line":22,"column":53},"end":{"line":22,"column":54}},"loc":{"start":{"line":22,"column":54},"end":{"line":27,"column":3}}},"7":{"name":"(anonymous_7)","decl":{"start":{"line":35,"column":31},"end":{"line":35,"column":32}},"loc":{"start":{"line":35,"column":44},"end":{"line":35,"column":56}}},"8":{"name":"(anonymous_8)","decl":{"start":{"line":42,"column":30},"end":{"line":42,"column":31}},"loc":{"start":{"line":42,"column":94},"end":{"line":65,"column":1}}},"9":{"name":"(anonymous_9)","decl":{"start":{"line":43,"column":18},"end":{"line":43,"column":22}},"loc":{"start":{"line":43,"column":22},"end":{"line":64,"column":3}}},"10":{"name":"(anonymous_10)","decl":{"start":{"line":72,"column":24},"end":{"line":72,"column":25}},"loc":{"start":{"line":72,"column":76},"end":{"line":72,"column":85}}},"11":{"name":"(anonymous_11)","decl":{"start":{"line":72,"column":93},"end":{"line":72,"column":94}},"loc":{"start":{"line":72,"column":98},"end":{"line":96,"column":1}}}},"branchMap":{"0":{"loc":{"start":{"line":23,"column":18},"end":{"line":23,"column":25}},"type":"binary-expr","locations":[{"start":{"line":23,"column":18},"end":{"line":23,"column":25}},{"start":{"line":23,"column":29},"end":{"line":23,"column":35}}]},"1":{"loc":{"start":{"line":26,"column":38},"end":{"line":26,"column":50}},"type":"cond-expr","locations":[{"start":{"line":26,"column":38},"end":{"line":26,"column":50}},{"start":{"line":26,"column":53},"end":{"line":26,"column":58}}]},"2":{"loc":{"start":{"line":44,"column":29},"end":{"line":44,"column":31}},"type":"cond-expr","locations":[{"start":{"line":44,"column":29},"end":{"line":44,"column":31}},{"start":{"line":44,"column":31},"end":{"line":44,"column":33}}]},"3":{"loc":{"start":{"line":47,"column":6},"end":{"line":48,"column":null}},"type":"switch","locations":[{"start":{"line":47,"column":6},"end":{"line":48,"column":null}},{"start":{"line":49,"column":6},"end":{"line":50,"column":null}},{"start":{"line":51,"column":6},"end":{"line":52,"column":null}},{"start":{"line":53,"column":6},"end":{"line":54,"column":null}},{"start":{"line":55,"column":6},"end":{"line":56,"column":null}},{"start":{"line":57,"column":6},"end":{"line":60,"column":null}},{"start":{"line":61,"column":6},"end":{"line":61,"column":null}},{"start":{"line":62,"column":6},"end":{"line":62,"column":null}}]},"4":{"loc":{"start":{"line":61,"column":36},"end":{"line":61,"column":48}},"type":"cond-expr","locations":[{"start":{"line":61,"column":36},"end":{"line":61,"column":48}},{"start":{"line":61,"column":51},"end":{"line":61,"column":68}}]},"5":{"loc":{"start":{"line":62,"column":22},"end":{"line":62,"column":27}},"type":"binary-expr","locations":[{"start":{"line":62,"column":22},"end":{"line":62,"column":27}},{"start":{"line":62,"column":31},"end":{"line":62,"column":48}}]},"6":{"loc":{"start":{"line":72,"column":44},"end":{"line":72,"column":60}},"type":"if","locations":[{"start":{"line":72,"column":44},"end":{"line":72,"column":60}},{"start":{"line":72,"column":44},"end":{"line":72,"column":60}}]},"7":{"loc":{"start":{"line":72,"column":60},"end":{"line":72,"column":81}},"type":"if","locations":[{"start":{"line":72,"column":60},"end":{"line":72,"column":81}},{"start":{"line":72,"column":60},"end":{"line":72,"column":81}}]},"8":{"loc":{"start":{"line":73,"column":33},"end":{"line":73,"column":35}},"type":"cond-expr","locations":[{"start":{"line":73,"column":33},"end":{"line":73,"column":35}},{"start":{"line":73,"column":35},"end":{"line":73,"column":40}}]},"9":{"loc":{"start":{"line":76,"column":4},"end":{"line":77,"column":85}},"type":"switch","locations":[{"start":{"line":76,"column":4},"end":{"line":77,"column":85}},{"start":{"line":78,"column":4},"end":{"line":79,"column":84}},{"start":{"line":80,"column":4},"end":{"line":81,"column":84}},{"start":{"line":82,"column":4},"end":{"line":83,"column":84}},{"start":{"line":84,"column":4},"end":{"line":85,"column":91}},{"start":{"line":87,"column":4},"end":{"line":90,"column":38}},{"start":{"line":91,"column":4},"end":{"line":93,"column":11}}]}},"s":{"0":4,"1":4,"2":4,"3":7,"4":4,"5":4,"6":8,"7":4,"8":4,"9":2,"10":4,"11":4,"12":2,"13":4,"14":4,"15":2,"16":4,"17":4,"18":20,"19":40,"20":40,"21":4,"22":4,"23":30,"24":4,"25":4,"26":6,"27":120,"28":30,"29":30,"30":30,"31":6,"32":6,"33":0,"34":0,"35":0,"36":6,"37":6,"38":6,"39":6,"40":6,"41":4,"42":4,"43":17,"44":17,"45":17,"46":114,"47":38,"48":38,"49":38,"50":1,"51":1,"52":1,"53":1,"54":1,"55":1,"56":1,"57":1,"58":1,"59":1,"60":3,"61":3,"62":3,"63":3,"64":30,"65":30,"66":38,"67":4},"f":{"0":7,"1":8,"2":2,"3":2,"4":2,"5":20,"6":40,"7":30,"8":6,"9":30,"10":17,"11":38},"b":{"0":[40,0],"1":[20,20],"2":[0,30],"3":[6,6,0,0,0,6,6,6],"4":[6,0],"5":[6,6],"6":[0,17],"7":[0,17],"8":[0,38],"9":[1,1,1,1,1,3,30]}}
,"/Users/yal/Documents/babel/bundler/packages/json2type/src/utils/index.ts": {"path":"/Users/yal/Documents/babel/bundler/packages/json2type/src/utils/index.ts","statementMap":{"0":{"start":{"line":1,"column":0},"end":{"line":1,"column":24}},"1":{"start":{"line":2,"column":0},"end":{"line":2,"column":26}},"2":{"start":{"line":3,"column":0},"end":{"line":3,"column":26}},"3":{"start":{"line":4,"column":0},"end":{"line":4,"column":31}}},"fnMap":{},"branchMap":{},"s":{"0":4,"1":4,"2":4,"3":4},"f":{},"b":{}}
,"/Users/yal/Documents/babel/bundler/packages/json2type/src/utils/templete.ts": {"path":"/Users/yal/Documents/babel/bundler/packages/json2type/src/utils/templete.ts","statementMap":{"0":{"start":{"line":3,"column":0},"end":{"line":3,"column":47}},"1":{"start":{"line":12,"column":27},"end":{"line":12,"column":80}},"2":{"start":{"line":12,"column":77},"end":{"line":12,"column":null}},"3":{"start":{"line":12,"column":13},"end":{"line":12,"column":27}},"4":{"start":{"line":19,"column":30},"end":{"line":19,"column":67}},"5":{"start":{"line":19,"column":56},"end":{"line":19,"column":null}},"6":{"start":{"line":19,"column":13},"end":{"line":19,"column":30}},"7":{"start":{"line":27,"column":23},"end":{"line":27,"column":64}},"8":{"start":{"line":27,"column":61},"end":{"line":29,"column":null}},"9":{"start":{"line":27,"column":13},"end":{"line":27,"column":23}},"10":{"start":{"line":34,"column":34},"end":{"line":34,"column":89}},"11":{"start":{"line":34,"column":86},"end":{"line":38,"column":null}},"12":{"start":{"line":34,"column":13},"end":{"line":34,"column":34}},"13":{"start":{"line":43,"column":29},"end":{"line":43,"column":84}},"14":{"start":{"line":43,"column":81},"end":{"line":47,"column":null}},"15":{"start":{"line":43,"column":13},"end":{"line":43,"column":29}},"16":{"start":{"line":52,"column":29},"end":{"line":52,"column":84}},"17":{"start":{"line":52,"column":81},"end":{"line":54,"column":null}},"18":{"start":{"line":52,"column":13},"end":{"line":52,"column":29}},"19":{"start":{"line":62,"column":25},"end":{"line":68,"column":1}},"20":{"start":{"line":63,"column":2},"end":{"line":67,"column":null}},"21":{"start":{"line":64,"column":17},"end":{"line":64,"column":null}},"22":{"start":{"line":65,"column":19},"end":{"line":65,"column":null}},"23":{"start":{"line":66,"column":13},"end":{"line":66,"column":null}},"24":{"start":{"line":62,"column":13},"end":{"line":62,"column":25}}},"fnMap":{"0":{"name":"(anonymous_0)","decl":{"start":{"line":12,"column":27},"end":{"line":12,"column":28}},"loc":{"start":{"line":12,"column":72},"end":{"line":12,"column":80}}},"1":{"name":"(anonymous_1)","decl":{"start":{"line":19,"column":30},"end":{"line":19,"column":31}},"loc":{"start":{"line":19,"column":51},"end":{"line":19,"column":67}}},"2":{"name":"(anonymous_2)","decl":{"start":{"line":27,"column":23},"end":{"line":27,"column":24}},"loc":{"start":{"line":27,"column":56},"end":{"line":27,"column":64}}},"3":{"name":"(anonymous_3)","decl":{"start":{"line":34,"column":34},"end":{"line":34,"column":35}},"loc":{"start":{"line":34,"column":81},"end":{"line":34,"column":89}}},"4":{"name":"(anonymous_4)","decl":{"start":{"line":43,"column":29},"end":{"line":43,"column":30}},"loc":{"start":{"line":43,"column":76},"end":{"line":43,"column":84}}},"5":{"name":"(anonymous_5)","decl":{"start":{"line":52,"column":29},"end":{"line":52,"column":30}},"loc":{"start":{"line":52,"column":76},"end":{"line":52,"column":84}}},"6":{"name":"(anonymous_6)","decl":{"start":{"line":62,"column":25},"end":{"line":62,"column":26}},"loc":{"start":{"line":62,"column":72},"end":{"line":68,"column":1}}}},"branchMap":{"0":{"loc":{"start":{"line":19,"column":70},"end":{"line":19,"column":156}},"type":"cond-expr","locations":[{"start":{"line":19,"column":70},"end":{"line":19,"column":156}},{"start":{"line":19,"column":159},"end":{"line":19,"column":161}}]},"1":{"loc":{"start":{"line":19,"column":110},"end":{"line":19,"column":140}},"type":"cond-expr","locations":[{"start":{"line":19,"column":110},"end":{"line":19,"column":140}},{"start":{"line":19,"column":143},"end":{"line":19,"column":154}}]},"2":{"loc":{"start":{"line":28,"column":31},"end":{"line":28,"column":33}},"type":"cond-expr","locations":[{"start":{"line":28,"column":31},"end":{"line":28,"column":33}},{"start":{"line":28,"column":36},"end":{"line":28,"column":39}}]},"3":{"loc":{"start":{"line":64,"column":4},"end":{"line":64,"column":null}},"type":"switch","locations":[{"start":{"line":64,"column":4},"end":{"line":64,"column":null}},{"start":{"line":65,"column":4},"end":{"line":65,"column":null}},{"start":{"line":66,"column":4},"end":{"line":66,"column":null}}]}},"s":{"0":4,"1":4,"2":153,"3":4,"4":4,"5":183,"6":4,"7":4,"8":77,"9":4,"10":4,"11":19,"12":4,"13":4,"14":20,"15":4,"16":4,"17":27,"18":4,"19":4,"20":46,"21":0,"22":19,"23":27,"24":4},"f":{"0":153,"1":183,"2":77,"3":19,"4":20,"5":27,"6":46},"b":{"0":[183,0],"1":[183,0],"2":[77,0],"3":[0,19,27]}}
}
