TN:
SF:/Users/yal/Documents/babel/bundler/packages/json2type/src/index.ts
FN:4,(anonymous_4)
FNF:1
FNH:1
FNDA:15,(anonymous_4)
DA:1,4
DA:4,4
DA:5,15
DA:6,15
DA:7,15
DA:10,2
DA:11,2
DA:12,2
DA:15,1
DA:16,1
DA:17,1
DA:20,1
DA:21,1
DA:22,1
DA:25,1
DA:26,1
DA:27,1
DA:30,1
DA:31,1
DA:34,1
DA:35,1
DA:36,1
DA:38,8
DA:41,15
DA:44,4
DA:46,4
DA:47,4
LF:27
LH:27
BRDA:9,0,0,2
BRDA:9,0,1,1
BRDA:9,0,2,1
BRDA:9,0,3,1
BRDA:9,0,4,1
BRDA:9,0,5,1
BRDA:9,0,6,8
BRF:7
BRH:7
end_of_record
TN:
SF:/Users/yal/Documents/babel/bundler/packages/json2type/src/utils/format.ts
FN:3,(anonymous_0)
FN:21,(anonymous_1)
FN:21,(anonymous_2)
FN:28,(anonymous_3)
FNF:4
FNH:4
FNDA:30,(anonymous_0)
FNDA:372,(anonymous_1)
FNDA:365,(anonymous_2)
FNDA:73,(anonymous_3)
DA:1,4
DA:3,4
DA:4,30
DA:5,30
DA:11,0
DA:12,0
DA:21,372
DA:28,73
LF:8
LH:6
BRF:0
BRH:0
end_of_record
TN:
SF:/Users/yal/Documents/babel/bundler/packages/json2type/src/utils/genSplitTypes.ts
FN:16,(anonymous_2)
FN:19,(anonymous_3)
FN:22,(anonymous_4)
FN:25,(anonymous_5)
FN:28,(anonymous_6)
FN:30,(anonymous_7)
FN:32,(anonymous_8)
FN:33,(anonymous_9)
FN:62,(anonymous_10)
FN:64,(anonymous_11)
FN:70,(anonymous_12)
FN:118,(anonymous_13)
FNF:12
FNH:12
FNDA:17,(anonymous_2)
FNDA:2,(anonymous_3)
FNDA:2,(anonymous_4)
FNDA:2,(anonymous_5)
FNDA:8,(anonymous_6)
FNDA:8,(anonymous_7)
FNDA:6,(anonymous_8)
FNDA:30,(anonymous_9)
FNDA:15,(anonymous_10)
FNDA:42,(anonymous_11)
FNDA:39,(anonymous_12)
FNDA:27,(anonymous_13)
DA:1,4
DA:2,4
DA:4,4
DA:6,4
DA:16,17
DA:19,4
DA:22,4
DA:25,4
DA:28,8
DA:30,8
DA:32,4
DA:33,6
DA:34,30
DA:35,30
DA:37,6
DA:38,6
DA:43,0
DA:44,0
DA:47,12
DA:48,12
DA:49,6
DA:50,6
DA:62,4
DA:63,15
DA:64,69
DA:65,42
DA:66,168
DA:67,42
DA:68,42
DA:70,17
DA:71,39
DA:72,39
DA:78,7
DA:79,7
DA:82,1
DA:84,1
DA:85,31
DA:88,17
DA:90,1
DA:91,1
DA:92,1
DA:93,1
DA:95,2
DA:96,2
DA:97,2
DA:99,2
DA:100,2
DA:102,2
DA:104,2
DA:105,2
DA:106,2
DA:108,10
DA:109,10
DA:111,1
DA:112,1
DA:114,7
DA:115,7
DA:118,42
DA:121,15
DA:122,15
LF:60
LH:58
BRDA:36,0,0,6
BRDA:36,0,1,0
BRDA:36,0,2,0
BRDA:36,0,3,0
BRDA:36,0,4,6
BRDA:36,0,5,12
BRDA:36,0,6,6
BRDA:36,0,7,6
BRDA:49,1,0,6
BRDA:49,1,1,0
BRDA:50,2,0,6
BRDA:50,2,1,6
BRDA:64,3,0,0
BRDA:64,3,1,42
BRDA:64,4,0,27
BRDA:64,4,1,15
BRDA:67,5,0,42
BRDA:67,5,1,15
BRDA:69,6,0,17
BRDA:69,6,1,1
BRDA:69,6,2,2
BRDA:69,6,3,2
BRDA:69,6,4,2
BRDA:69,6,5,10
BRDA:69,6,6,1
BRDA:69,6,7,7
BRDA:73,7,0,1
BRDA:73,7,1,2
BRDA:73,7,2,3
BRDA:73,7,3,4
BRDA:73,7,4,7
BRDA:73,7,5,1
BRDA:73,7,6,31
BRDA:111,8,0,0
BRDA:111,8,1,1
BRDA:114,9,0,7
BRDA:114,9,1,7
BRF:37
BRH:31
end_of_record
TN:
SF:/Users/yal/Documents/babel/bundler/packages/json2type/src/utils/genTypes.ts
FN:6,(anonymous_0)
FN:9,(anonymous_1)
FN:12,(anonymous_2)
FN:15,(anonymous_3)
FN:18,(anonymous_4)
FN:21,(anonymous_5)
FN:22,(anonymous_6)
FN:35,(anonymous_7)
FN:42,(anonymous_8)
FN:43,(anonymous_9)
FN:72,(anonymous_10)
FN:72,(anonymous_11)
FNF:12
FNH:12
FNDA:7,(anonymous_0)
FNDA:8,(anonymous_1)
FNDA:2,(anonymous_2)
FNDA:2,(anonymous_3)
FNDA:2,(anonymous_4)
FNDA:20,(anonymous_5)
FNDA:40,(anonymous_6)
FNDA:30,(anonymous_7)
FNDA:6,(anonymous_8)
FNDA:30,(anonymous_9)
FNDA:17,(anonymous_10)
FNDA:38,(anonymous_11)
DA:1,4
DA:3,4
DA:6,7
DA:9,8
DA:12,4
DA:15,4
DA:18,4
DA:21,4
DA:22,20
DA:23,40
DA:24,40
DA:35,30
DA:42,4
DA:43,6
DA:44,120
DA:45,30
DA:46,30
DA:48,6
DA:50,6
DA:52,0
DA:54,0
DA:56,0
DA:58,6
DA:59,6
DA:60,6
DA:61,6
DA:62,6
DA:72,17
DA:73,114
DA:74,38
DA:75,38
DA:77,1
DA:79,1
DA:81,1
DA:83,1
DA:85,1
DA:88,3
DA:89,3
DA:90,3
DA:92,30
DA:93,30
DA:95,38
LF:42
LH:39
BRDA:23,0,0,40
BRDA:23,0,1,0
BRDA:26,1,0,20
BRDA:26,1,1,20
BRDA:44,2,0,0
BRDA:44,2,1,30
BRDA:47,3,0,6
BRDA:47,3,1,6
BRDA:47,3,2,0
BRDA:47,3,3,0
BRDA:47,3,4,0
BRDA:47,3,5,6
BRDA:47,3,6,6
BRDA:47,3,7,6
BRDA:61,4,0,6
BRDA:61,4,1,0
BRDA:62,5,0,6
BRDA:62,5,1,6
BRDA:72,6,0,0
BRDA:72,6,1,17
BRDA:72,7,0,0
BRDA:72,7,1,17
BRDA:73,8,0,0
BRDA:73,8,1,38
BRDA:76,9,0,1
BRDA:76,9,1,1
BRDA:76,9,2,1
BRDA:76,9,3,1
BRDA:76,9,4,1
BRDA:76,9,5,3
BRDA:76,9,6,30
BRF:31
BRH:22
end_of_record
TN:
SF:/Users/yal/Documents/babel/bundler/packages/json2type/src/utils/index.ts
FNF:0
FNH:0
DA:1,4
DA:2,4
DA:3,4
DA:4,4
LF:4
LH:4
BRF:0
BRH:0
end_of_record
TN:
SF:/Users/yal/Documents/babel/bundler/packages/json2type/src/utils/templete.ts
FN:12,(anonymous_0)
FN:19,(anonymous_1)
FN:27,(anonymous_2)
FN:34,(anonymous_3)
FN:43,(anonymous_4)
FN:52,(anonymous_5)
FN:62,(anonymous_6)
FNF:7
FNH:7
FNDA:153,(anonymous_0)
FNDA:183,(anonymous_1)
FNDA:77,(anonymous_2)
FNDA:19,(anonymous_3)
FNDA:20,(anonymous_4)
FNDA:27,(anonymous_5)
FNDA:46,(anonymous_6)
DA:3,4
DA:12,153
DA:19,183
DA:27,77
DA:34,19
DA:43,20
DA:52,27
DA:62,4
DA:63,46
DA:64,0
DA:65,19
DA:66,27
LF:12
LH:11
BRDA:19,0,0,183
BRDA:19,0,1,0
BRDA:19,1,0,183
BRDA:19,1,1,0
BRDA:28,2,0,77
BRDA:28,2,1,0
BRDA:64,3,0,0
BRDA:64,3,1,19
BRDA:64,3,2,27
BRF:9
BRH:5
end_of_record
